<?xml version="1.0" encoding="UTF-8"?>
<!-- Generated by org.testng.reporters.JUnitXMLReporter -->
<testsuite ignored="0" hostname="IsdNur" failures="0" tests="3" name="Default test" time="0.056" errors="0" timestamp="2024-04-15T21:30:39 IST">
  <testcase classname="com.AdvanceAutomation.CommandPrompt_01" name="testing" time="0.007"/>
  <testcase classname="com.AdvanceAutomation.CommandPrompt_01" name="testing1" time="0.002"/>
  <testcase classname="com.AdvanceAutomation.CommandPrompt_01" name="testing2" time="0.001"/>
</testsuite> <!-- Default test -->
