<?xml version="1.0" encoding="UTF-8"?>
<testng-results ignored="0" total="3" passed="3" failed="0" skipped="0">
  <reporter-output>
  </reporter-output>
  <suite started-at="2024-04-15T21:30:39 IST" name="Default suite" finished-at="2024-04-15T21:30:39 IST" duration-ms="56">
    <groups>
    </groups>
    <test started-at="2024-04-15T21:30:39 IST" name="Default test" finished-at="2024-04-15T21:30:39 IST" duration-ms="56">
      <class name="com.AdvanceAutomation.CommandPrompt_01">
        <test-method signature="testing()[pri:0, instance:com.AdvanceAutomation.CommandPrompt_01@71a8adcf]" started-at="2024-04-15T21:30:39 IST" name="testing" finished-at="2024-04-15T21:30:39 IST" duration-ms="7" status="PASS">
          <reporter-output>
          </reporter-output>
        </test-method> <!-- testing -->
        <test-method signature="testing1()[pri:0, instance:com.AdvanceAutomation.CommandPrompt_01@71a8adcf]" started-at="2024-04-15T21:30:39 IST" name="testing1" finished-at="2024-04-15T21:30:39 IST" duration-ms="2" status="PASS">
          <reporter-output>
          </reporter-output>
        </test-method> <!-- testing1 -->
        <test-method signature="testing2()[pri:0, instance:com.AdvanceAutomation.CommandPrompt_01@71a8adcf]" started-at="2024-04-15T21:30:39 IST" name="testing2" finished-at="2024-04-15T21:30:39 IST" duration-ms="1" status="PASS">
          <reporter-output>
          </reporter-output>
        </test-method> <!-- testing2 -->
      </class> <!-- com.AdvanceAutomation.CommandPrompt_01 -->
    </test> <!-- Default test -->
  </suite> <!-- Default suite -->
</testng-results>
